<?xml version="1.0" encoding="UTF-8"?><testsuite failures="0" name="cucumber.runtime.formatter.JUnitFormatter" skipped="0" tests="4" time="38.393445">
<testcase classname="Free CRM Login Feature" name="Free CRM Login Test Scenario" time="11.731798">
<system-out><![CDATA[Given user is already on Login Page.........................................passed
Then user enters "saiful7bd@yahoo.com"......................................passed
Then Close the browser......................................................passed
]]></system-out>
</testcase>
<testcase classname="Free CRM Login Feature" name="Free CRM Login Test Scenario 2" time="8.134161">
<system-out><![CDATA[Given user is already on Login Page.........................................passed
Then user enters "sai7bd@yahoo.com".........................................passed
Then Close the browser......................................................passed
]]></system-out>
</testcase>
<testcase classname="Free CRM Login Feature" name="Free CRM Login Test Scenario 3" time="9.73884">
<system-out><![CDATA[Given user is already on Login Page.........................................passed
Then user enters "jhumur7bd@yahoo.com"......................................passed
Then Close the browser......................................................passed
]]></system-out>
</testcase>
<testcase classname="Free CRM Login Feature" name="Free CRM Login Test Scenario 4" time="8.788646">
<system-out><![CDATA[Given user is already on Login Page.........................................passed
Then user enters "kalam7bd@yahoo.com".......................................passed
Then Close the browser......................................................passed
]]></system-out>
</testcase>
</testsuite>
